Wed Aug 12 09:18:06 Loaded file C:\OrCAD\OrCAD_10.5\tools\Layout_Plus\data\template.imp
Wed Aug 12 09:18:06 Loaded file C:\OrCAD\OrCAD_10.5\tools\Layout_Plus\data\template.imp
Wed Aug 12 09:18:08 Loaded file C:\OrCAD\OrCAD_10.5\tools\Layout_Plus\data\template.imp
Wed Aug 12 09:18:08 Loaded file C:\OrCAD\OrCAD_10.5\tools\Layout_Plus\data\template.imp
Wed Aug 12 09:18:26 Loaded file X:\BIBLIOTECA\SEGACADW\LAYOUT SEGA\LIBRARY\LAYT_ANTONIO.LLB
Wed Aug 12 09:18:26 Loaded file X:\BIBLIOTECA\SEGACADW\LAYOUT SEGA\LIBRARY\LAYT_DIEGO.LLB
Wed Aug 12 09:18:26 Loaded file X:\BIBLIOTECA\SEGACADW\LAYOUT SEGA\LIBRARY\LAYT_FERNANDO.LLB
Wed Aug 12 09:18:26 Loaded file X:\BIBLIOTECA\SEGACADW\LAYOUT SEGA\LIBRARY\LAYT_JESUS.LLB
Wed Aug 12 09:18:26 Loaded file X:\BIBLIOTECA\SEGACADW\LAYOUT SEGA\LIBRARY\LAYT_JPEDROSA.LLB
Wed Aug 12 09:18:26 Loaded file X:\BIBLIOTECA\SEGACADW\LAYOUT SEGA\LIBRARY\LAYT_JUANT.LLB
Wed Aug 12 09:18:26 Loaded file X:\BIBLIOTECA\SEGACADW\LAYOUT SEGA\LIBRARY\LAYT_NANO1.LLB
Wed Aug 12 09:18:26 Loaded file X:\BIBLIOTECA\SEGACADW\LAYOUT SEGA\LIBRARY\LAYT_PATRI.LLB
Wed Aug 12 09:18:26 Loaded file X:\BIBLIOTECA\SEGACADW\LAYOUT SEGA\LIBRARY\LAYT_PATRI_METRIC.LLB
Wed Aug 12 09:18:27 Loaded file X:\BIBLIOTECA\SEGACADW\LAYOUT SEGA\LIBRARY\LAYT_ROBERTO.LLB
Wed Aug 12 09:18:27 Loaded file X:\BIBLIOTECA\SEGACADW\LAYOUT SEGA\LIBRARY\LAYT_SEGA1.LLB
Wed Aug 12 09:18:27 Loaded file X:\BIBLIOTECA\SEGACADW\LAYOUT SEGA\LIBRARY\LAYT_SEGA2.LLB
Wed Aug 12 09:18:27 Loaded file X:\BIBLIOTECA\SEGACADW\LAYOUT SEGA\LIBRARY\LAYT_SEGAPAD.LLB
Wed Aug 12 09:18:28 Loaded file C:\USERS\NANO\DESKTOP\XXX\EXAMEN.LLB
Wed Aug 12 09:18:28 Loaded file C:\OrCAD\OrCAD_10.5\tools\Layout_Plus\library\BCON100T.llb
Wed Aug 12 09:18:28 Loaded file C:\OrCAD\OrCAD_10.5\tools\Layout_Plus\library\BCON156T.llb
Wed Aug 12 09:18:28 Loaded file C:\OrCAD\OrCAD_10.5\tools\Layout_Plus\library\BGA.llb
Wed Aug 12 09:18:28 Loaded file C:\OrCAD\OrCAD_10.5\tools\Layout_Plus\library\CLCC.llb
Wed Aug 12 09:18:28 Loaded file C:\OrCAD\OrCAD_10.5\tools\Layout_Plus\library\DCON050T.llb
Wed Aug 12 09:18:29 Loaded file C:\OrCAD\OrCAD_10.5\tools\Layout_Plus\library\DCON085T.llb
Wed Aug 12 09:18:29 Loaded file C:\OrCAD\OrCAD_10.5\tools\Layout_Plus\library\DIMM050F.llb
Wed Aug 12 09:18:29 Loaded file C:\OrCAD\OrCAD_10.5\tools\Layout_Plus\library\DIMM050T.llb
Wed Aug 12 09:18:29 Loaded file C:\OrCAD\OrCAD_10.5\tools\Layout_Plus\library\DIN.llb
Wed Aug 12 09:18:29 Loaded file C:\OrCAD\OrCAD_10.5\tools\Layout_Plus\library\DIP100B.llb
Wed Aug 12 09:18:29 Loaded file C:\OrCAD\OrCAD_10.5\tools\Layout_Plus\library\DIP100T.llb
Wed Aug 12 09:18:29 Loaded file C:\OrCAD\OrCAD_10.5\tools\Layout_Plus\library\DSUBT.llb
Wed Aug 12 09:18:29 Loaded file C:\OrCAD\OrCAD_10.5\tools\Layout_Plus\library\DSUBT_HD.LLB
Wed Aug 12 09:18:29 Loaded file C:\OrCAD\OrCAD_10.5\tools\Layout_Plus\library\ECON100T.llb
Wed Aug 12 09:18:29 Loaded file C:\OrCAD\OrCAD_10.5\tools\Layout_Plus\library\FBUS.llb
Wed Aug 12 09:18:29 Loaded file C:\OrCAD\OrCAD_10.5\tools\Layout_Plus\library\ISA.llb
Wed Aug 12 09:18:30 Loaded file C:\OrCAD\OrCAD_10.5\tools\Layout_Plus\library\JUMPER.LLB
Wed Aug 12 09:18:30 Loaded file C:\OrCAD\OrCAD_10.5\tools\Layout_Plus\library\LAYOUT.llb
Wed Aug 12 09:18:30 Loaded file C:\OrCAD\OrCAD_10.5\tools\Layout_Plus\library\LCON100T.llb
Wed Aug 12 09:18:30 Loaded file C:\OrCAD\OrCAD_10.5\tools\Layout_Plus\library\PC104.llb
Wed Aug 12 09:18:30 Loaded file C:\OrCAD\OrCAD_10.5\tools\Layout_Plus\library\PCI.llb
Wed Aug 12 09:18:30 Loaded file C:\OrCAD\OrCAD_10.5\tools\Layout_Plus\library\PCON100T.llb
Wed Aug 12 09:18:30 Loaded file C:\OrCAD\OrCAD_10.5\tools\Layout_Plus\library\PCON156T.llb
Wed Aug 12 09:18:30 Loaded file C:\OrCAD\OrCAD_10.5\tools\Layout_Plus\library\PGA.llb
Wed Aug 12 09:18:30 Loaded file C:\OrCAD\OrCAD_10.5\tools\Layout_Plus\library\PLCC.llb
Wed Aug 12 09:18:30 Loaded file C:\OrCAD\OrCAD_10.5\tools\Layout_Plus\library\QUAD.llb
Wed Aug 12 09:18:30 Loaded file C:\OrCAD\OrCAD_10.5\tools\Layout_Plus\library\QUADB.llb
Wed Aug 12 09:18:30 Loaded file C:\OrCAD\OrCAD_10.5\tools\Layout_Plus\library\RELAY.llb
Wed Aug 12 09:18:30 Loaded file C:\OrCAD\OrCAD_10.5\tools\Layout_Plus\library\RF.llb
Wed Aug 12 09:18:30 Loaded file C:\OrCAD\OrCAD_10.5\tools\Layout_Plus\library\SBUS.llb
Wed Aug 12 09:18:30 Loaded file C:\OrCAD\OrCAD_10.5\tools\Layout_Plus\library\SIMM050F.llb
Wed Aug 12 09:18:30 Loaded file C:\OrCAD\OrCAD_10.5\tools\Layout_Plus\library\SIMM050T.llb
Wed Aug 12 09:18:31 Loaded file C:\OrCAD\OrCAD_10.5\tools\Layout_Plus\library\SIMM100F.llb
Wed Aug 12 09:18:31 Loaded file C:\OrCAD\OrCAD_10.5\tools\Layout_Plus\library\SIMM100T.llb
Wed Aug 12 09:18:31 Loaded file C:\OrCAD\OrCAD_10.5\tools\Layout_Plus\library\SIP.llb
Wed Aug 12 09:18:31 Loaded file C:\OrCAD\OrCAD_10.5\tools\Layout_Plus\library\SM.llb
Wed Aug 12 09:18:31 Loaded file C:\OrCAD\OrCAD_10.5\tools\Layout_Plus\library\SOG.llb
Wed Aug 12 09:18:31 Loaded file C:\OrCAD\OrCAD_10.5\tools\Layout_Plus\library\SOJ.llb
Wed Aug 12 09:18:31 Loaded file C:\OrCAD\OrCAD_10.5\tools\Layout_Plus\library\STIFF.llb
Wed Aug 12 09:18:31 Loaded file C:\OrCAD\OrCAD_10.5\tools\Layout_Plus\library\TELE.llb
Wed Aug 12 09:18:31 Loaded file C:\OrCAD\OrCAD_10.5\tools\Layout_Plus\library\TM_AXIAL.llb
Wed Aug 12 09:18:31 Loaded file C:\OrCAD\OrCAD_10.5\tools\Layout_Plus\library\TM_CAP_P.llb
Wed Aug 12 09:18:31 Loaded file C:\OrCAD\OrCAD_10.5\tools\Layout_Plus\library\TM_CYLND.llb
Wed Aug 12 09:18:31 Loaded file C:\OrCAD\OrCAD_10.5\tools\Layout_Plus\library\TM_DIODE.llb
Wed Aug 12 09:18:31 Loaded file C:\OrCAD\OrCAD_10.5\tools\Layout_Plus\library\TM_DISC.llb
Wed Aug 12 09:18:32 Loaded file C:\OrCAD\OrCAD_10.5\tools\Layout_Plus\library\TM_RAD.llb
Wed Aug 12 09:18:32 Loaded file C:\OrCAD\OrCAD_10.5\tools\Layout_Plus\library\TO.llb
Wed Aug 12 09:18:32 Loaded file C:\OrCAD\OrCAD_10.5\tools\Layout_Plus\library\TRAINING.LLB
Wed Aug 12 09:18:32 Loaded file C:\OrCAD\OrCAD_10.5\tools\Layout_Plus\library\VRES.llb
Wed Aug 12 09:18:32 Loaded file C:\OrCAD\OrCAD_10.5\tools\Layout_Plus\library\WCON100T.llb
Wed Aug 12 09:18:32 Loaded file C:\OrCAD\OrCAD_10.5\tools\Layout_Plus\library\XT.llb
Wed Aug 12 09:18:32 Loaded file C:\OrCAD\OrCAD_10.5\tools\Layout_Plus\library\ZIGZAG.llb
Wed Aug 12 09:30:16 Saved as file BACKUP1.MAX
Wed Aug 12 09:37:11 Saved as file C:\USERS\NANO\DOCUMENTS\CACHEDUINO\MTBOARD\PULSADORES_VER2.MAX
Wed Aug 12 09:40:16 Saved as file BACKUP1.MAX
