Post Processor Report
OrCAD FILE: C:\USERS\NANO\DOCUMENTS\CACHEDUINO\MTBOARD\PULSADORES_VER2.MAX
Wed Aug 12 09:40:02 2020

*********************************************************

Output file: C:\USERS\NANO\DOCUMENTS\CACHEDUINO\MTBOARD\PULSADORES_VER2.TOP

Aperture totals for C:\USERS\NANO\DOCUMENTS\CACHEDUINO\MTBOARD\PULSADORES_VER2.TOP:
---------------------------------------------------------
D10:  0.0500 x 0.1000 OBLONG    -----       6 Flashes
D11:  0.0500 x 0.1000 RECTANGLE -----       2 Flashes
D12:  0.0900 ROUND  --       0 Draws,      24 Flashes
D13:  0.0200 ROUND  --      25 Draws,       0 Flashes
D14:  0.0500 ROUND  --       0 Draws,       2 Flashes
---------------------------------------------------------
  5 D-Codes      -----      25 Draws,      34 Flashes

*********************************************************

Output file: C:\USERS\NANO\DOCUMENTS\CACHEDUINO\MTBOARD\PULSADORES_VER2.BOT

Aperture totals for C:\USERS\NANO\DOCUMENTS\CACHEDUINO\MTBOARD\PULSADORES_VER2.BOT:
---------------------------------------------------------
D13:  0.0200 ROUND  --      60 Draws,       0 Flashes
D14:  0.0500 ROUND  --       0 Draws,       2 Flashes
D15:  0.0500 x 0.1000 OBLONG    -----       6 Flashes
D16:  0.0500 x 0.1000 RECTANGLE -----       2 Flashes
D17:  0.0600 SQUARE --       0 Draws,       8 Flashes
D18:  0.0900 ROUND  --       0 Draws,      24 Flashes
---------------------------------------------------------
  6 D-Codes      -----      60 Draws,      42 Flashes

*********************************************************

Output file: C:\USERS\NANO\DOCUMENTS\CACHEDUINO\MTBOARD\PULSADORES_VER2.SMT

Aperture totals for C:\USERS\NANO\DOCUMENTS\CACHEDUINO\MTBOARD\PULSADORES_VER2.SMT:
---------------------------------------------------------
D15:  0.0500 x 0.1000 OBLONG    -----       6 Flashes
D16:  0.0500 x 0.1000 RECTANGLE -----       2 Flashes
D19:  0.0670 ROUND  --       0 Draws,      24 Flashes
D20:  0.0550 ROUND  --       0 Draws,       2 Flashes
---------------------------------------------------------
  4 D-Codes      -----       0 Draws,      34 Flashes

*********************************************************

Output file: C:\USERS\NANO\DOCUMENTS\CACHEDUINO\MTBOARD\PULSADORES_VER2.SMB

Aperture totals for C:\USERS\NANO\DOCUMENTS\CACHEDUINO\MTBOARD\PULSADORES_VER2.SMB:
---------------------------------------------------------
D15:  0.0500 x 0.1000 OBLONG    -----       6 Flashes
D16:  0.0500 x 0.1000 RECTANGLE -----       2 Flashes
D17:  0.0600 SQUARE --       0 Draws,       8 Flashes
D19:  0.0670 ROUND  --       0 Draws,      24 Flashes
D20:  0.0550 ROUND  --       0 Draws,       2 Flashes
---------------------------------------------------------
  5 D-Codes      -----       0 Draws,      42 Flashes

*********************************************************

Output file: C:\USERS\NANO\DOCUMENTS\CACHEDUINO\MTBOARD\PULSADORES_VER2.SST

Aperture totals for C:\USERS\NANO\DOCUMENTS\CACHEDUINO\MTBOARD\PULSADORES_VER2.SST:
---------------------------------------------------------
D13:  0.0200 ROUND  --      32 Draws,       0 Flashes
D21:  0.0100 ROUND  --     187 Draws,       0 Flashes
---------------------------------------------------------
  2 D-Codes      -----     219 Draws,       0 Flashes

*********************************************************

Output file: C:\USERS\NANO\DOCUMENTS\CACHEDUINO\MTBOARD\PULSADORES_VER2.DRD

Aperture totals for C:\USERS\NANO\DOCUMENTS\CACHEDUINO\MTBOARD\PULSADORES_VER2.DRD:
---------------------------------------------------------
D21:  0.0100 ROUND  --     717 Draws,       0 Flashes
---------------------------------------------------------
  1 D-Codes      -----     717 Draws,       0 Flashes

*********************************************************

Output file: C:\USERS\NANO\DOCUMENTS\CACHEDUINO\MTBOARD\PULSADORES_VER2.BRD

Aperture totals for C:\USERS\NANO\DOCUMENTS\CACHEDUINO\MTBOARD\PULSADORES_VER2.BRD:
---------------------------------------------------------
D21:  0.0100 ROUND  --       6 Draws,       0 Flashes
---------------------------------------------------------
  1 D-Codes      -----       6 Draws,       0 Flashes

*********************************************************

Output file: C:\USERS\NANO\DOCUMENTS\CACHEDUINO\MTBOARD\PULSADORES_VER2.DRL

Aperture totals for C:\USERS\NANO\DOCUMENTS\CACHEDUINO\MTBOARD\PULSADORES_VER2.DRL:
---------------------------------------------------------
D22:  0.0390 ROUND  --       0 Draws,       8 Flashes
D23:  0.0700 ROUND  --       0 Draws,       8 Flashes
D24:  0.0400 ROUND  --       0 Draws,       8 Flashes
D25:  0.0500 ROUND  --       0 Draws,      16 Flashes
D26:  0.0280 ROUND  --       0 Draws,       2 Flashes
---------------------------------------------------------
  5 D-Codes      -----       0 Draws,      42 Flashes


*********************************************************

Aperture totals for entire project:
---------------------------------------------------------
D10:  0.0500 x 0.1000 OBLONG    -----       6 Flashes
D11:  0.0500 x 0.1000 RECTANGLE -----       2 Flashes
D12:  0.0900 ROUND  --       0 Draws,      24 Flashes
D13:  0.0200 ROUND  --     117 Draws,       0 Flashes
D14:  0.0500 ROUND  --       0 Draws,       4 Flashes
D15:  0.0500 x 0.1000 OBLONG    -----      18 Flashes
D16:  0.0500 x 0.1000 RECTANGLE -----       6 Flashes
D17:  0.0600 SQUARE --       0 Draws,      16 Flashes
D18:  0.0900 ROUND  --       0 Draws,      24 Flashes
D19:  0.0670 ROUND  --       0 Draws,      48 Flashes
D20:  0.0550 ROUND  --       0 Draws,       4 Flashes
D21:  0.0100 ROUND  --     910 Draws,       0 Flashes
D22:  0.0390 ROUND  --       0 Draws,       8 Flashes
D23:  0.0700 ROUND  --       0 Draws,       8 Flashes
D24:  0.0400 ROUND  --       0 Draws,       8 Flashes
D25:  0.0500 ROUND  --       0 Draws,      16 Flashes
D26:  0.0280 ROUND  --       0 Draws,       2 Flashes
---------------------------------------------------------
 17 D-Codes      -----    1027 Draws,     194 Flashes


No warnings or errors.
